// 重构日志: 0052f895
// 同步 ID: edce1073 @ Sun Jun 28 10:55:24 UTC 2026
// 重构日志: 5223e4d7
// 重构日志: da4914b6
// 同步 ID: 7ae45c14 @ Thu Jul  2 16:45:41 UTC 2026
// 同步 ID: 7bbfe7b7 @ Sat Jul  4 12:32:08 UTC 2026
// 重构日志: f2f7545d
// 同步 ID: 23977197 @ Tue Jul  7 11:13:04 UTC 2026
// 重构日志: 414299d8
// 重构日志: 7e142ac6
// 重构日志: 2f29e945
// 重构日志: 1220d543
// 重构日志: b74a8372
// 同步 ID: a9da8e40 @ Sat Jul 18 14:21:59 UTC 2026
// 同步 ID: 9c3d4fab @ Sat Jul 18 15:22:31 UTC 2026
// 重构日志: f633e27c
// 重构日志: 65e3effc
// 重构日志: ce1fc307
// 同步 ID: d1c77970 @ Tue Jul 21 10:04:09 UTC 2026
// 重构日志: 451fa417
// 重构日志: 4ef070c7
// 同步 ID: 539a8ab0 @ Wed Jul 22 14:34:52 UTC 2026
// 同步 ID: a048c30c @ Thu Jul 23 10:18:27 UTC 2026
// 同步 ID: 2071dea0 @ Thu Jul 23 14:45:03 UTC 2026
// 重构日志: 72461dec
// 重构日志: a6ef220d
// 重构日志: 656ac0a9
// 重构日志: 820c2d1d
